[debug] [2021-05-30T17:37:31.031Z] ----------------------------------------------------------------------
[debug] [2021-05-30T17:37:31.033Z] Command:       C:\Program Files\nodejs\node.exe C:\Users\ASUS\AppData\Roaming\npm\node_modules\firebase-tools\lib\bin\firebase.js init
[debug] [2021-05-30T17:37:31.034Z] CLI Version:   9.12.0
[debug] [2021-05-30T17:37:31.034Z] Platform:      win32
[debug] [2021-05-30T17:37:31.034Z] Node Version:  v14.17.0
[debug] [2021-05-30T17:37:31.035Z] Time:          Sun May 30 2021 23:37:31 GMT+0600 (Bangladesh Standard Time)
[debug] [2021-05-30T17:37:31.035Z] ----------------------------------------------------------------------
[debug] 
[debug] [2021-05-30T17:37:31.041Z] > command requires scopes: ["email","openid","https://www.googleapis.com/auth/cloudplatformprojects.readonly","https://www.googleapis.com/auth/firebase","https://www.googleapis.com/auth/cloud-platform"]
[debug] [2021-05-30T17:37:31.041Z] > authorizing via signed-in user (tanvirhossainfahim89@gmail.com)
[info] 
     ######## #### ########  ######## ########     ###     ######  ########
     ##        ##  ##     ## ##       ##     ##  ##   ##  ##       ##
     ######    ##  ########  ######   ########  #########  ######  ######
     ##        ##  ##    ##  ##       ##     ## ##     ##       ## ##
     ##       #### ##     ## ######## ########  ##     ##  ######  ########

You're about to initialize a Firebase project in this directory:

  F:\yt-video-team-25

Before we get started, keep in mind:

  * You are initializing in an existing Firebase project directory

[info] 
=== Project Setup
[info] 
[info] First, let's associate this project directory with a Firebase project.
[info] You can create multiple project aliases by running firebase use --add, 
[info] but for now we'll just set up a default project.
[info] 
[info] i  .firebaserc already has a default project, using not-yt. 
[debug] [2021-05-30T17:37:37.161Z] >>> [apiv2][query] GET https://firebase.googleapis.com/v1beta1/projects/not-yt [none]
[debug] [2021-05-30T17:37:37.799Z] <<< [apiv2][status] GET https://firebase.googleapis.com/v1beta1/projects/not-yt 403
[debug] [2021-05-30T17:37:37.799Z] <<< [apiv2][body] GET https://firebase.googleapis.com/v1beta1/projects/not-yt {"error":{"code":403,"message":"The caller does not have permission","status":"PERMISSION_DENIED"}}
[debug] [2021-05-30T17:37:37.799Z] HTTP Error: 403, The caller does not have permission
[debug] [2021-05-30T17:37:38.111Z] FirebaseError: HTTP Error: 403, The caller does not have permission
    at module.exports (C:\Users\ASUS\AppData\Roaming\npm\node_modules\firebase-tools\lib\responseToError.js:38:12)
    at Client.doRequest (C:\Users\ASUS\AppData\Roaming\npm\node_modules\firebase-tools\lib\apiv2.js:238:23)
    at processTicksAndRejections (internal/process/task_queues.js:95:5)
    at async Client.request (C:\Users\ASUS\AppData\Roaming\npm\node_modules\firebase-tools\lib\apiv2.js:96:20)
    at async Object.getFirebaseProject (C:\Users\ASUS\AppData\Roaming\npm\node_modules\firebase-tools\lib\management\projects.js:290:21)
    at async Object.doSetup [as project] (C:\Users\ASUS\AppData\Roaming\npm\node_modules\firebase-tools\lib\init\features\project.js:77:27)
    at async init (C:\Users\ASUS\AppData\Roaming\npm\node_modules\firebase-tools\lib\init\index.js:19:9)
[error] 
[error] Error: Failed to get Firebase project not-yt. Please make sure the project exists and your account has permission to access it.
